This file contains any messages produced by compilers while
running configure, to aid debugging if configure makes a mistake.

It was created by Squid Web Proxy configure 3.4.8, which was
generated by GNU Autoconf 2.69.  Invocation command line was

  $ /home/u6020839/src/web/squid/repo/configure --prefix=

## --------- ##
## Platform. ##
## --------- ##

hostname = U6020839-TPL-A
uname -m = i686
uname -r = 1.7.32(0.274/5/3)
uname -s = CYGWIN_NT-6.1-WOW64
uname -v = 2014-08-13 23:03

/usr/bin/uname -p = unknown
/bin/uname -X     = unknown

/bin/arch              = i686
/usr/bin/arch -k       = unknown
/usr/convex/getsysinfo = unknown
/usr/bin/hostinfo      = unknown
/bin/machine           = unknown
/usr/bin/oslevel       = unknown
/bin/universe          = unknown

PATH: /home/u6020839/bin
PATH: /home/u6020839/bin
PATH: /home/u6020839/tmp/srcget
PATH: /home/u6020839/bin
PATH: /c/java/jdk1_7/bin
PATH: /usr/local/bin
PATH: /usr/bin
PATH: /cygdrive/c/app/client/u6020839/product/12.1.0/client_1/bin
PATH: /cygdrive/c/Program Files (x86)/AMD APP/bin/x86_64
PATH: /cygdrive/c/Program Files (x86)/AMD APP/bin/x86
PATH: /cygdrive/c/Windows/system32
PATH: /cygdrive/c/Windows
PATH: /cygdrive/c/Windows/System32/Wbem
PATH: /cygdrive/c/Windows/System32/WindowsPowerShell/v1.0
PATH: /cygdrive/c/Program Files (x86)/QuickTime/QTSystem
PATH: /cygdrive/c/Program Files (x86)/ATI Technologies/ATI.ACE/Core-Static
PATH: /cygdrive/c/Program Files/Intel/WiFi/bin
PATH: /cygdrive/c/Program Files/Common Files/Intel/WirelessCommon
PATH: /cygdrive/c/data/i/bin
PATH: /cygdrive/c/Program Files/Intel/WiFi/bin
PATH: /cygdrive/c/Program Files/Common Files/Intel/WirelessCommon
PATH: /usr/lib/lapack


## ----------- ##
## Core tests. ##
## ----------- ##

configure:3575: checking for a BSD-compatible install
configure:3643: result: /usr/bin/install -c
configure:3654: checking whether build environment is sane
configure:3709: result: yes
configure:3860: checking for a thread-safe mkdir -p
configure:3899: result: /usr/bin/mkdir -p
configure:3906: checking for gawk
configure:3922: found /usr/bin/gawk
configure:3933: result: gawk
configure:3944: checking whether make sets $(MAKE)
configure:3966: result: yes
configure:3995: checking whether make supports nested variables
configure:4012: result: yes
configure:4101: checking whether UID '352136' is supported by ustar format
configure:4104: result: yes
configure:4111: checking whether GID '10513' is supported by ustar format
configure:4114: result: yes
configure:4122: checking how to create a ustar tar archive
configure:4133: tar --version
tar (GNU tar) 1.27.1
Packaged by Cygwin (1.27.1-1)
Copyright (C) 2013 Free Software Foundation, Inc.
License GPLv3+: GNU GPL version 3 or later <http://gnu.org/licenses/gpl.html>.
This is free software: you are free to change and redistribute it.
There is NO WARRANTY, to the extent permitted by law.

Written by John Gilmore and Jay Fenlason.
configure:4136: $? = 0
configure:4176: tardir=conftest.dir && eval tar --format=ustar -chf - "$tardir" >conftest.tar
configure:4179: $? = 0
configure:4183: tar -xf - <conftest.tar
configure:4186: $? = 0
configure:4188: cat conftest.dir/file
GrepMe
configure:4191: $? = 0
configure:4204: result: gnutar

## ---------------- ##
## Cache variables. ##
## ---------------- ##

ac_cv_env_CCC_set=
ac_cv_env_CCC_value=
ac_cv_env_CC_set=
ac_cv_env_CC_value=
ac_cv_env_CFLAGS_set=
ac_cv_env_CFLAGS_value=
ac_cv_env_CPPFLAGS_set=
ac_cv_env_CPPFLAGS_value=
ac_cv_env_CPP_set=
ac_cv_env_CPP_value=
ac_cv_env_CXXCPP_set=
ac_cv_env_CXXCPP_value=
ac_cv_env_CXXFLAGS_set=
ac_cv_env_CXXFLAGS_value=
ac_cv_env_CXX_set=
ac_cv_env_CXX_value=
ac_cv_env_EXT_LIBECAP_CFLAGS_set=
ac_cv_env_EXT_LIBECAP_CFLAGS_value=
ac_cv_env_EXT_LIBECAP_LIBS_set=
ac_cv_env_EXT_LIBECAP_LIBS_value=
ac_cv_env_LDFLAGS_set=
ac_cv_env_LDFLAGS_value=
ac_cv_env_LIBS_set=
ac_cv_env_LIBS_value=
ac_cv_env_PKG_CONFIG_LIBDIR_set=
ac_cv_env_PKG_CONFIG_LIBDIR_value=
ac_cv_env_PKG_CONFIG_PATH_set=
ac_cv_env_PKG_CONFIG_PATH_value=
ac_cv_env_PKG_CONFIG_set=
ac_cv_env_PKG_CONFIG_value=
ac_cv_env_PO2HTML_set=
ac_cv_env_PO2HTML_value=
ac_cv_env_PO2TEXT_set=
ac_cv_env_PO2TEXT_value=
ac_cv_env_build_alias_set=
ac_cv_env_build_alias_value=
ac_cv_env_host_alias_set=
ac_cv_env_host_alias_value=
ac_cv_env_target_alias_set=
ac_cv_env_target_alias_value=
ac_cv_path_install='/usr/bin/install -c'
ac_cv_path_mkdir=/usr/bin/mkdir
ac_cv_prog_AWK=gawk
ac_cv_prog_make_make_set=yes
am_cv_make_support_nested_variables=yes
am_cv_prog_tar_ustar=gnutar

## ----------------- ##
## Output variables. ##
## ----------------- ##

ACLOCAL='${SHELL} /home/u6020839/src/web/squid/repo/cfgaux/missing aclocal-1.14'
ADAPTATION_LIBS=''
ALLOCA=''
AMDEPBACKSLASH=''
AMDEP_FALSE=''
AMDEP_TRUE=''
AMTAR='$${TAR-tar}'
AM_BACKSLASH='\'
AM_DEFAULT_V='$(AM_DEFAULT_VERBOSITY)'
AM_DEFAULT_VERBOSITY='1'
AM_V='$(V)'
AR=''
ARGZ_H=''
AR_R=''
AUTH_LIBS_TO_BUILD=''
AUTH_MODULES=''
AUTOCONF='${SHELL} /home/u6020839/src/web/squid/repo/cfgaux/missing autoconf'
AUTOHEADER='${SHELL} /home/u6020839/src/web/squid/repo/cfgaux/missing autoheader'
AUTOMAKE='${SHELL} /home/u6020839/src/web/squid/repo/cfgaux/missing automake-1.14'
AWK='gawk'
BASIC_AUTH_HELPERS=''
BZR=''
CACHE_EFFECTIVE_USER=''
CC=''
CCDEPMODE=''
CFLAGS=''
CGIEXT=''
CHMOD=''
CONVENIENCE_LTDL_FALSE=''
CONVENIENCE_LTDL_TRUE=''
CPP=''
CPPFLAGS=''
CPPUNITCONFIG=''
CRYPTLIB=''
CXX=''
CXXCPP=''
CXXDEPMODE=''
CXXFLAGS=''
CYGPATH_W='cygpath -w'
DEFAULT_HOSTS=''
DEFAULT_LOG_DIR=''
DEFAULT_PID_FILE=''
DEFAULT_SWAP_DIR=''
DEFS=''
DEPDIR=''
DIGEST_AUTH_HELPERS=''
DISK_LIBS=''
DISK_LINKOBJS=''
DISK_MODULES=''
DISK_OS_LIBS=''
DISK_PROGRAMS=''
DLLTOOL=''
DSYMUTIL=''
DUMPBIN=''
ECAP_LIBS=''
ECHO_C=''
ECHO_N='-n'
ECHO_T=''
EGREP=''
ENABLE_AUTH_BASIC_FALSE=''
ENABLE_AUTH_BASIC_TRUE=''
ENABLE_AUTH_DIGEST_FALSE=''
ENABLE_AUTH_DIGEST_TRUE=''
ENABLE_AUTH_FALSE=''
ENABLE_AUTH_NEGOTIATE_FALSE=''
ENABLE_AUTH_NEGOTIATE_TRUE=''
ENABLE_AUTH_NTLM_FALSE=''
ENABLE_AUTH_NTLM_TRUE=''
ENABLE_AUTH_TRUE=''
ENABLE_DELAY_POOLS_FALSE=''
ENABLE_DELAY_POOLS_TRUE=''
ENABLE_DNSHELPER_FALSE=''
ENABLE_DNSHELPER_TRUE=''
ENABLE_HTCP_FALSE=''
ENABLE_HTCP_TRUE=''
ENABLE_PINGER_FALSE=''
ENABLE_PINGER_TRUE=''
ENABLE_SNMP_FALSE=''
ENABLE_SNMP_TRUE=''
ENABLE_SSL_FALSE=''
ENABLE_SSL_TRUE=''
ENABLE_UNLINKD_FALSE=''
ENABLE_UNLINKD_TRUE=''
ENABLE_WIN32SPECIFIC_FALSE=''
ENABLE_WIN32SPECIFIC_TRUE=''
ENABLE_XPROF_STATS_FALSE=''
ENABLE_XPROF_STATS_TRUE=''
EPOLL_LIBS=''
EUILIB=''
EXEEXT=''
EXPATLIB=''
EXTERNAL_ACL_HELPERS=''
EXT_LIBECAP_CFLAGS=''
EXT_LIBECAP_LIBS=''
FALSE=''
FGREP=''
GREP=''
HAVE_CXX11=''
HAVE_FS_ROCK_FALSE=''
HAVE_FS_ROCK_TRUE=''
HAVE_FS_UFS_FALSE=''
HAVE_FS_UFS_TRUE=''
HAVE_LIBEXPAT_FALSE=''
HAVE_LIBEXPAT_TRUE=''
HAVE_LIBXML2_FALSE=''
HAVE_LIBXML2_TRUE=''
HAVE_SPNEGO_FALSE=''
HAVE_SPNEGO_TRUE=''
HOSTCXX=''
ICAP_LIBS=''
INCLTDL=''
INSTALL_DATA='${INSTALL} -m 644'
INSTALL_LTDL_FALSE=''
INSTALL_LTDL_TRUE=''
INSTALL_PROGRAM='${INSTALL}'
INSTALL_SCRIPT='${INSTALL}'
INSTALL_STRIP_PROGRAM='$(install_sh) -c -s'
KRB5INCS=''
KRB5LIBS=''
LBERLIB=''
LD=''
LDAPLIB=''
LDFLAGS=''
LIBADD_DL=''
LIBADD_DLD_LINK=''
LIBADD_DLOPEN=''
LIBADD_SHL_LOAD=''
LIBLTDL=''
LIBOBJS=''
LIBS=''
LIBSASL=''
LIBTOOL=''
LIB_DB=''
LIPO=''
LN=''
LN_S=''
LOG_DAEMON_HELPERS=''
LTDLDEPS=''
LTDLINCL=''
LTDLOPEN=''
LTLIBOBJS=''
LT_CONFIG_H=''
LT_DLLOADERS=''
LT_DLPREOPEN=''
MAINT=''
MAINTAINER_MODE_FALSE=''
MAINTAINER_MODE_TRUE=''
MAKEINFO='${SHELL} /home/u6020839/src/web/squid/repo/cfgaux/missing makeinfo'
MAKE_LEAKFINDER_FALSE=''
MAKE_LEAKFINDER_TRUE=''
MANIFEST_TOOL=''
MINGW_LIBS=''
MKDIR=''
MKDIR_P='/usr/bin/mkdir -p'
MV=''
NEGOTIATE_AUTH_HELPERS=''
NETTLELIB=''
NM=''
NMEDIT=''
NTLM_AUTH_HELPERS=''
OBJDUMP=''
OBJEXT=''
OTOOL64=''
OTOOL=''
PACKAGE='squid'
PACKAGE_BUGREPORT='http://bugs.squid-cache.org/'
PACKAGE_NAME='Squid Web Proxy'
PACKAGE_STRING='Squid Web Proxy 3.4.8'
PACKAGE_TARNAME='squid'
PACKAGE_URL=''
PACKAGE_VERSION='3.4.8'
PATH_SEPARATOR=':'
PERL=''
PKG_CONFIG=''
PKG_CONFIG_LIBDIR=''
PKG_CONFIG_PATH=''
PO2HTML=''
PO2TEXT=''
POD2MAN=''
RANLIB=''
REGEXLIB=''
REPL_LIBS=''
REPL_OBJS=''
REPL_POLICIES=''
RM=''
SED=''
SET_MAKE=''
SH=''
SHELL='/bin/sh'
SMBCLIENT=''
SNMPLIB=''
SQUID_CFLAGS=''
SQUID_CPPUNIT_INC=''
SQUID_CPPUNIT_LA=''
SQUID_CPPUNIT_LIBS=''
SQUID_CXXFLAGS=''
SSLLIB=''
STOREID_REWRITE_HELPERS=''
STORE_LIBS_TO_ADD=''
STORE_LIBS_TO_BUILD=''
STORE_TESTS=''
STRIP=''
TR=''
TRUE=''
URL_REWRITE_HELPERS=''
USE_ADAPTATION_FALSE=''
USE_ADAPTATION_TRUE=''
USE_AIOPS_WIN32_FALSE=''
USE_AIOPS_WIN32_TRUE=''
USE_AIO_WIN32_FALSE=''
USE_AIO_WIN32_TRUE=''
USE_DEVPOLL_FALSE=''
USE_DEVPOLL_TRUE=''
USE_ECAP_FALSE=''
USE_ECAP_TRUE=''
USE_EPOLL_FALSE=''
USE_EPOLL_TRUE=''
USE_ESI_FALSE=''
USE_ESI_TRUE=''
USE_ICAP_CLIENT_FALSE=''
USE_ICAP_CLIENT_TRUE=''
USE_IPC_WIN32_FALSE=''
USE_IPC_WIN32_TRUE=''
USE_KQUEUE_FALSE=''
USE_KQUEUE_TRUE=''
USE_LOADABLE_MODULES_FALSE=''
USE_LOADABLE_MODULES_TRUE=''
USE_POLL_FALSE=''
USE_POLL_TRUE=''
USE_SELECT_FALSE=''
USE_SELECT_TRUE=''
USE_SELECT_WIN32_FALSE=''
USE_SELECT_WIN32_TRUE=''
USE_SQUID_EUI_FALSE=''
USE_SQUID_EUI_TRUE=''
USE_SSL_CRTD_FALSE=''
USE_SSL_CRTD_TRUE=''
VERSION='3.4.8'
WBINFO=''
WIN32_PSAPI=''
XMLLIB=''
XTRA_LIBS=''
XTRA_OBJS=''
ac_ct_AR=''
ac_ct_CC=''
ac_ct_CXX=''
ac_ct_DUMPBIN=''
ac_krb5_config=''
am__EXEEXT_FALSE=''
am__EXEEXT_TRUE=''
am__fastdepCC_FALSE=''
am__fastdepCC_TRUE=''
am__fastdepCXX_FALSE=''
am__fastdepCXX_TRUE=''
am__include=''
am__isrc=' -I$(srcdir)'
am__leading_dot='.'
am__nodep=''
am__quote=''
am__tar='tar --format=ustar -chf - "$$tardir"'
am__untar='tar -xf -'
bindir='${exec_prefix}/bin'
build=''
build_alias=''
build_cpu=''
build_os=''
build_vendor=''
datadir='${datarootdir}'
datarootdir='${prefix}/share'
docdir='${datarootdir}/doc/${PACKAGE_TARNAME}'
dvidir='${docdir}'
exec_prefix='NONE'
host=''
host_alias=''
host_cpu=''
host_os=''
host_vendor=''
htmldir='${docdir}'
includedir='${prefix}/include'
infodir='${datarootdir}/info'
install_sh='${SHELL} /home/u6020839/src/web/squid/repo/cfgaux/install-sh'
libdir='${exec_prefix}/lib'
libexecdir='${exec_prefix}/libexec'
localedir='${datarootdir}/locale'
localstatedir='${prefix}/var'
ltdl_LIBOBJS=''
ltdl_LTLIBOBJS=''
makesnmplib=''
mandir='${datarootdir}/man'
mkdir_p='$(MKDIR_P)'
oldincludedir='/usr/include'
pdfdir='${docdir}'
prefix=''
program_transform_name='s,x,x,'
psdir='${docdir}'
sbindir='${exec_prefix}/sbin'
sharedstatedir='${prefix}/com'
subdirs=''
sys_symbol_underscore=''
sysconfdir='${prefix}/etc'
target_alias=''
top_build_prefix=''

## ----------- ##
## confdefs.h. ##
## ----------- ##

/* confdefs.h */
#define PACKAGE_NAME "Squid Web Proxy"
#define PACKAGE_TARNAME "squid"
#define PACKAGE_VERSION "3.4.8"
#define PACKAGE_STRING "Squid Web Proxy 3.4.8"
#define PACKAGE_BUGREPORT "http://bugs.squid-cache.org/"
#define PACKAGE_URL ""
#define PACKAGE "squid"
#define VERSION "3.4.8"

configure: caught signal 2
configure: exit 1
